[35mFATAL[39m: GET /api/pruebas  -  Cannot access 'response' before initialization  -  12:47:42 PM
[31mERROR[39m: Cannot access 'response' before initialization
[35mFATAL[39m: GET /api/pruebas  -  Cannot access 'response' before initialization  -  12:48:06 PM
[31mERROR[39m: Cannot access 'response' before initialization
[35mFATAL[39m: GET /api/pruebas  -  Cannot access 'response' before initialization  -  12:48:11 PM
[31mERROR[39m: Cannot access 'response' before initialization
[35mFATAL[39m: GET /api/pruebas  -  Cannot access 'response' before initialization  -  12:48:46 PM
[31mERROR[39m: Cannot access 'response' before initialization
[35mFATAL[39m: GET /api/pruebas  -  Cannot access 'response' before initialization  -  12:49:25 PM
[31mERROR[39m: Cannot access 'response' before initialization
[35mFATAL[39m: GET /api/pruebas  -  Cannot access 'response' before initialization  -  12:49:44 PM
[31mERROR[39m: Cannot access 'response' before initialization
[35mFATAL[39m: GET /api/pruebas  -  Cannot access 'response' before initialization  -  12:49:53 PM
[31mERROR[39m: Cannot access 'response' before initialization
[35mFATAL[39m: GET /api/pruebas  -  Cannot access 'response' before initialization  -  12:50:00 PM
[31mERROR[39m: Cannot access 'response' before initialization
[35mFATAL[39m: GET /api/pruebas  -  error is not defined  -  12:51:27 PM
[31mERROR[39m: error is not defined
[35mFATAL[39m: GET /api/pruebas  -  error is not defined  -  12:51:30 PM
[31mERROR[39m: error is not defined
[35mFATAL[39m: GET /api/pruebas  -  error is not defined  -  12:51:39 PM
[31mERROR[39m: error is not defined
[35mFATAL[39m: GET /api/pruebas  -  error is not defined  -  12:52:17 PM
[31mERROR[39m: error is not defined
[35mFATAL[39m: GET /api/pruebas  -  error is not defined  -  12:52:20 PM
[31mERROR[39m: error is not defined
[35mFATAL[39m: GET /api/pruebas  -  error is not defined  -  12:53:39 PM
[31mERROR[39m: error is not defined
[35mFATAL[39m: GET /api/pruebas  -  Cannot access 'response' before initialization  -  12:58:21 PM
[35mFATAL[39m: GET /api/pruebas  -  Cannot access 'response' before initialization  -  1:02:07 PM
[31mERROR[39m: Cannot access 'response' before initialization
[35mFATAL[39m: GET /api/pruebas  -  Cannot access 'response' before initialization  -  1:02:11 PM
[31mERROR[39m: Cannot access 'response' before initialization
[35mFATAL[39m: GET /api/pruebas  -  Cannot access 'response' before initialization  -  1:02:17 PM
[31mERROR[39m: Cannot access 'response' before initialization
[35mFATAL[39m: GET /api/pruebas  -  Cannot access 'response' before initialization  -  1:02:23 PM
[31mERROR[39m: Cannot access 'response' before initialization
[35mFATAL[39m: GET /api/pruebas  -  Cannot access 'response' before initialization  -  1:09:41 PM
[31mERROR[39m: Cannot access 'response' before initialization
[35mFATAL[39m: GET /api/pruebas  -  Cannot access 'response' before initialization  -  1:11:05 PM
[31mERROR[39m: Cannot access 'response' before initialization
[35mFATAL[39m: GET /api/pruebas  -  Cannot access 'response' before initialization  -  1:14:53 PM
[31mERROR[39m: Cannot access 'response' before initialization
[35mFATAL[39m: GET /api/pruebas  -  Cannot access 'response' before initialization  -  1:19:38 PM
[35mFATAL[39m: GET /api/pruebas  -  Cannot access 'response' before initialization  -  1:20:56 PM
[35mFATAL[39m: GET /api/pruebas  -  Cannot access 'response' before initialization  -  1:21:18 PM
[31mERROR[39m: GET /api/pruebas - Cannot access 'response' before initialization
[35mFATAL[39m: GET /api/pruebas  -  Cannot access 'response' before initialization  -  1:21:59 PM
[35mFATAL[39m: GET /api/pruebas  -  Cannot access 'response' before initialization  -  1:22:27 PM
[35mFATAL[39m: GET /api/pruebas  -  Cannot access 'response' before initialization  -  1:22:53 PM
[35mFATAL[39m: GET /api/pruebas  -  Cannot access 'response' before initialization  -  1:23:20 PM
[35mFATAL[39m: GET /api/pruebas  -  Cannot access 'response' before initialization  -  1:23:26 PM
[35mFATAL[39m: GET /api/pruebas  -  Cannot access 'response' before initialization  -  1:23:57 PM
[35mFATAL[39m: GET /api/pruebas  -  Cannot access 'response' before initialization  -  1:24:13 PM
[35mFATAL[39m: GET /api/pruebas  -  Cannot access 'response' before initialization  -  1:24:23 PM
[35mFATAL[39m: GET /api/pruebas  -  Cannot access 'response' before initialization  -  1:26:53 PM
[35mFATAL[39m: GET /api/pruebas  -  Cannot access 'response' before initialization  -  1:27:08 PM
[35mFATAL[39m: GET /api/pruebas  -  Cannot access 'response' before initialization  -  1:27:23 PM
[35mFATAL[39m: GET /api/pruebas  -  Cannot access 'response' before initialization  -  1:29:11 PM
[35mFATAL[39m: GET /api/pruebas  -  Cannot access 'response' before initialization  -  1:29:24 PM
[35mFATAL[39m: GET /api/pruebas  -  Cannot access 'response' before initialization  -  1:29:38 PM
[31mERROR[39m: Server error: GET /api/pruebas - Cannot access 'response' before initialization
[35mFATAL[39m: GET /api/pruebas  -  Cannot access 'response' before initialization  -  1:29:55 PM
[35mFATAL[39m: GET /api/pruebas  -  Cannot access 'response' before initialization  -  1:30:37 PM
[31mERROR[39m: Server error: GET /api/pruebas - Cannot access 'response' before initialization
[35mFATAL[39m: GET /api/pruebas  -  Cannot access 'response' before initialization  -  1:30:54 PM
[35mFATAL[39m: GET /api/pruebas  -  Cannot access 'response' before initialization  -  1:31:20 PM
[35mFATAL[39m: GET /api/pruebas  -  Cannot access 'response' before initialization  -  1:31:27 PM
[35mFATAL[39m: GET /api/pruebas  -  Cannot access 'response' before initialization  -  1:31:33 PM
[35mFATAL[39m: GET /api/pruebas  -  Cannot access 'response' before initialization  -  1:31:40 PM
[31mERROR[39m: Server error: GET /api/pruebas - Cannot access 'response' before initialization
[35mFATAL[39m: GET /api/pruebas  -  Cannot access 'response' before initialization  -  1:31:47 PM
[35mFATAL[39m: GET /api/pruebas  -  Cannot access 'response' before initialization  -  1:32:01 PM
[35mFATAL[39m: GET /api/pruebas  -  Cannot access 'response' before initialization  -  1:32:22 PM
[35mFATAL[39m: GET /api/pruebas  -  Cannot access 'response' before initialization  -  1:32:34 PM
[31mERROR[39m: Server error: GET /api/pruebas - Cannot access 'response' before initialization
[35mFATAL[39m: GET /api/pruebas  -  Cannot access 'response' before initialization  -  1:34:27 PM
[35mFATAL[39m: GET /api/pruebas  -  Cannot access 'response' before initialization  -  1:34:36 PM
[35mFATAL[39m: GET /api/pruebas  -  Cannot access 'response' before initialization  -  1:34:54 PM
[31mERROR[39m: Server error: GET /api/pruebas - Cannot access 'response' before initialization
[35mFATAL[39m: GET /api/pruebas  -  error is not defined  -  1:36:41 PM
[31mERROR[39m: Server error: GET /api/pruebas - error is not defined
[35mFATAL[39m: GET /api/pruebas  -  error is not defined  -  1:36:43 PM
[31mERROR[39m: Server error: GET /api/pruebas - error is not defined
[35mFATAL[39m: GET /api/pruebas  -  error is not defined  -  1:37:33 PM
[31mERROR[39m: Server error: GET /api/pruebas - error is not defined
[35mFATAL[39m: GET /api/pruebas  -  error is not defined  -  1:37:51 PM
[31mERROR[39m: Server error: GET /api/pruebas - error is not defined
[35mFATAL[39m: GET /api/pruebas  -  error is not defined  -  1:38:28 PM
[31mERROR[39m: Server error: GET /api/pruebas - error is not defined
[35mFATAL[39m: POST /api/loggers  -  error ejemplo  -  1:48:00 PM
[31mERROR[39m: Server error: POST /api/loggers - error ejemplo
[35mFATAL[39m: POST /api/loggers  -  Code in use!  -  1:50:57 PM
[31mERROR[39m: Server error: POST /api/loggers - Code in use!
[35mFATAL[39m: POST /api/loggers  -  error ejemplo  -  1:52:57 PM
[31mERROR[39m: Server error: POST /api/loggers - error ejemplo
[35mFATAL[39m: POST /api/loggers  -  Se necesita llenar los campos.  -  1:55:58 PM
[31mERROR[39m: Server error: POST /api/loggers - Se necesita llenar los campos.
[35mFATAL[39m: POST /api/loggers  -  Code in use!  -  1:56:24 PM
[31mERROR[39m: Server error: POST /api/loggers - Code in use!
[35mFATAL[39m: POST /api/loggers  -  Code in use!  -  1:57:34 PM
[31mERROR[39m: Server error: POST /api/loggers - Code in use!
[35mFATAL[39m: POST /api/loggers  -  Se necesita llenar los campos.  -  1:58:39 PM
[31mERROR[39m: Server error: POST /api/loggers - Se necesita llenar los campos.
[35mFATAL[39m: POST /api/loggers  -  Se necesita llenar los campos.  -  1:58:54 PM
[31mERROR[39m: Server error: POST /api/loggers - Se necesita llenar los campos.
[35mFATAL[39m: POST /api/loggers  -  Se necesita llenar los campos.  -  1:59:06 PM
[31mERROR[39m: Server error: POST /api/loggers - Se necesita llenar los campos.
[35mFATAL[39m: POST /api/loggers  -  Se necesita llenar los campos.  -  2:00:15 PM
[31mERROR[39m: Server error: POST /api/loggers - Se necesita llenar los campos.
[35mFATAL[39m: POST /api/loggers  -  Se necesita llenar los campos.  -  2:00:45 PM
[31mERROR[39m: Server error: POST /api/loggers - Se necesita llenar los campos.
[35mFATAL[39m: POST /api/loggers  -  Se necesita llenar los campos.  -  2:00:55 PM
[31mERROR[39m: Server error: POST /api/loggers - Se necesita llenar los campos.
[35mFATAL[39m: PUT /api/loggers/35356  -  Se necesita llenar los campos para actualizar el producto.  -  2:06:16 PM
[31mERROR[39m: Server error: PUT /api/loggers/35356 - Se necesita llenar los campos para actualizar el producto.
[35mFATAL[39m: PUT /api/loggers/35356  -  Se necesita llenar los campos para actualizar el producto.  -  2:07:01 PM
[31mERROR[39m: Server error: PUT /api/loggers/35356 - Se necesita llenar los campos para actualizar el producto.
[35mFATAL[39m: PUT /api/loggers/35356  -  Se requiere el ID del producto.  -  2:08:22 PM
[31mERROR[39m: Server error: PUT /api/loggers/35356 - Se requiere el ID del producto.
[35mFATAL[39m: PUT /api/loggers/35356  -  Se requiere el ID del producto.  -  2:08:48 PM
[31mERROR[39m: Server error: PUT /api/loggers/35356 - Se requiere el ID del producto.
[35mFATAL[39m: GET /api/loggers/35356  -  ID incorrecto  -  2:09:23 PM
[31mERROR[39m: Server error: GET /api/loggers/35356 - ID incorrecto
[35mFATAL[39m: GET /api/loggers/35356  -  ID incorrecto  -  2:09:33 PM
[31mERROR[39m: Server error: GET /api/loggers/35356 - ID incorrecto
[35mFATAL[39m: POST /api/loggers  -  Se necesita llenar los campos.  -  2:10:08 PM
[31mERROR[39m: Server error: POST /api/loggers - Se necesita llenar los campos.
[35mFATAL[39m: POST /api/loggers  -  Se necesita llenar los campos.  -  2:10:13 PM
[31mERROR[39m: Server error: POST /api/loggers - Se necesita llenar los campos.
[35mFATAL[39m: POST /api/loggers  -  Se necesita llenar los campos.  -  2:10:22 PM
[31mERROR[39m: Server error: POST /api/loggers - Se necesita llenar los campos.
[35mFATAL[39m: POST /api/loggers  -  Se necesita llenar los campos.  -  2:10:34 PM
[31mERROR[39m: Server error: POST /api/loggers - Se necesita llenar los campos.
[35mFATAL[39m: POST /api/loggers  -  Se necesita llenar los campos.  -  2:10:57 PM
[31mERROR[39m: Server error: POST /api/loggers - Se necesita llenar los campos.
[35mFATAL[39m: POST /api/loggers  -  Se necesita llenar los campos.  -  2:11:06 PM
[31mERROR[39m: Server error: POST /api/loggers - Se necesita llenar los campos.
[35mFATAL[39m: POST /api/loggers  -  Se necesita llenar los campos.  -  2:11:16 PM
[31mERROR[39m: Server error: POST /api/loggers - Se necesita llenar los campos.
[35mFATAL[39m: POST /api/loggers  -  Se necesita llenar los campos.  -  2:11:36 PM
[31mERROR[39m: Server error: POST /api/loggers - Se necesita llenar los campos.
[35mFATAL[39m: PUT /api/loggers/354  -  Se requiere el ID del producto.  -  2:11:55 PM
[31mERROR[39m: Server error: PUT /api/loggers/354 - Se requiere el ID del producto.
[35mFATAL[39m: PUT /api/loggers/354  -  ID incorrecto.  -  2:12:13 PM
[31mERROR[39m: Server error: PUT /api/loggers/354 - ID incorrecto.
[35mFATAL[39m: PUT /api/loggers/353463  -  ID incorrecto.  -  2:18:08 PM
[31mERROR[39m: Server error: PUT /api/loggers/353463 - ID incorrecto.
[35mFATAL[39m: PUT /api/loggers/353463  -  ID incorrecto.  -  2:18:21 PM
[31mERROR[39m: Server error: PUT /api/loggers/353463 - ID incorrecto.
[35mFATAL[39m: DELETE /api/loggers/353463  -  ID incorrecto.  -  2:19:32 PM
[31mERROR[39m: Server error: DELETE /api/loggers/353463 - ID incorrecto.
[35mFATAL[39m: GET /api/loggers/353463  -  ID incorrecto  -  2:19:36 PM
[31mERROR[39m: Server error: GET /api/loggers/353463 - ID incorrecto
[35mFATAL[39m: GET /api/loggers/algo  -  ID incorrecto  -  2:55:58 PM
[31mERROR[39m: Server error: GET /api/loggers/algo - ID incorrecto
[35mFATAL[39m: GET /api/carts  -  cart is not defined  -  8:04:28 PM
[35mFATAL[39m: GET /api/carts  -  cart is not defined  -  8:10:19 PM
[31mERROR[39m: Server error: GET /api/carts - cart is not defined
[35mFATAL[39m: GET /api/carts  -  cart is not defined  -  8:11:32 PM
[31mERROR[39m: Server error: GET /api/carts - cart is not defined
[35mFATAL[39m: GET /api/carts  -  cart is not defined  -  8:12:44 PM
[31mERROR[39m: Server error: GET /api/carts - cart is not defined
[35mFATAL[39m: GET /api/carts  -  cart is not defined  -  8:15:56 PM
[31mERROR[39m: Server error: GET /api/carts - cart is not defined
[35mFATAL[39m: GET /api/carts  -  cart is not defined  -  8:16:28 PM
[31mERROR[39m: Server error: GET /api/carts - cart is not defined
[35mFATAL[39m: GET /api/carts  -  cart is not defined  -  8:17:28 PM
[31mERROR[39m: Server error: GET /api/carts - cart is not defined
[35mFATAL[39m: GET /api/carts/35435  -  Cast to ObjectId failed for value "35435" (type string) at path "_id" for model "carts"  -  8:26:17 PM
[31mERROR[39m: Server error: GET /api/carts/35435 - Cast to ObjectId failed for value "35435" (type string) at path "_id" for model "carts"
[35mFATAL[39m: GET /api/carts/35435  -  Cast to ObjectId failed for value "35435" (type string) at path "_id" for model "carts"  -  8:26:23 PM
[31mERROR[39m: Server error: GET /api/carts/35435 - Cast to ObjectId failed for value "35435" (type string) at path "_id" for model "carts"
[35mFATAL[39m: GET /api/carts/354355543  -  Cast to ObjectId failed for value "354355543" (type string) at path "_id" for model "carts"  -  8:26:48 PM
[31mERROR[39m: Server error: GET /api/carts/354355543 - Cast to ObjectId failed for value "354355543" (type string) at path "_id" for model "carts"
[35mFATAL[39m: GET /api/carts/354355543  -  Cast to ObjectId failed for value "354355543" (type string) at path "_id" for model "carts"  -  8:27:53 PM
[31mERROR[39m: Server error: GET /api/carts/354355543 - Cast to ObjectId failed for value "354355543" (type string) at path "_id" for model "carts"
[35mFATAL[39m: GET /api/carts/354355543  -  Cast to ObjectId failed for value "354355543" (type string) at path "_id" for model "carts"  -  8:32:10 PM
[31mERROR[39m: Server error: GET /api/carts/354355543 - Cast to ObjectId failed for value "354355543" (type string) at path "_id" for model "carts"
[35mFATAL[39m: GET /api/carts/354355543  -  Cast to ObjectId failed for value "354355543" (type string) at path "_id" for model "carts"  -  8:33:50 PM
[31mERROR[39m: Server error: GET /api/carts/354355543 - Cast to ObjectId failed for value "354355543" (type string) at path "_id" for model "carts"
[35mFATAL[39m: GET /api/carts  -  cart is not defined  -  9:28:23 AM
[31mERROR[39m: Server error: GET /api/carts - cart is not defined
[35mFATAL[39m: GET /api/carts/525  -  Cast to ObjectId failed for value "525" (type string) at path "_id" for model "carts"  -  9:28:50 AM
[31mERROR[39m: Server error: GET /api/carts/525 - Cast to ObjectId failed for value "525" (type string) at path "_id" for model "carts"
[35mFATAL[39m: GET /api/carts/36  -  Cast to ObjectId failed for value "36" (type string) at path "_id" for model "carts"  -  9:50:03 AM
[31mERROR[39m: Server error: GET /api/carts/36 - Cast to ObjectId failed for value "36" (type string) at path "_id" for model "carts"
[35mFATAL[39m: GET /api/carts/36  -  Cast to ObjectId failed for value "36" (type string) at path "_id" for model "carts"  -  9:51:48 AM
[31mERROR[39m: Server error: GET /api/carts/36 - Cast to ObjectId failed for value "36" (type string) at path "_id" for model "carts"
[35mFATAL[39m: GET /api/carts/654fd9036be6d3b4e19cb7c  -  Cast to ObjectId failed for value "654fd9036be6d3b4e19cb7c" (type string) at path "_id" for model "carts"  -  9:52:15 AM
[31mERROR[39m: Server error: GET /api/carts/654fd9036be6d3b4e19cb7c - Cast to ObjectId failed for value "654fd9036be6d3b4e19cb7c" (type string) at path "_id" for model "carts"
[35mFATAL[39m: GET /api/carts/uinnuno  -  Cast to ObjectId failed for value "uinnuno" (type string) at path "_id" for model "carts"  -  9:58:35 AM
[31mERROR[39m: Server error: GET /api/carts/uinnuno - Cast to ObjectId failed for value "uinnuno" (type string) at path "_id" for model "carts"
[35mFATAL[39m: GET /api/carts/6767567  -  Cast to ObjectId failed for value "6767567" (type string) at path "_id" for model "carts"  -  9:58:40 AM
[31mERROR[39m: Server error: GET /api/carts/6767567 - Cast to ObjectId failed for value "6767567" (type string) at path "_id" for model "carts"
[35mFATAL[39m: GET /api/carts/6767567  -  Cast to ObjectId failed for value "6767567" (type string) at path "_id" for model "carts"  -  10:12:09 AM
[31mERROR[39m: Server error: GET /api/carts/6767567 - Cast to ObjectId failed for value "6767567" (type string) at path "_id" for model "carts"
[35mFATAL[39m: GET /api/carts/654fd9036be6d3b4e19cb7c1  -  resa is not defined  -  10:12:19 AM
[31mERROR[39m: Server error: GET /api/carts/654fd9036be6d3b4e19cb7c1 - resa is not defined
[35mFATAL[39m: GET /api/carts/654fd9036be6d3b4e19cb7c1  -  car is not defined  -  10:18:05 AM
[31mERROR[39m: Server error: GET /api/carts/654fd9036be6d3b4e19cb7c1 - car is not defined
[35mFATAL[39m: GET /api/carts/654fd9036be6d3b4e19cb7c1  -  car is not defined  -  10:18:55 AM
[31mERROR[39m: Server error: GET /api/carts/654fd9036be6d3b4e19cb7c1 - car is not defined
[35mFATAL[39m: GET /api/carts  -  cart is not defined  -  10:19:19 AM
[31mERROR[39m: Server error: GET /api/carts - cart is not defined
[35mFATAL[39m: GET /api/carts  -  cart is not defined  -  10:20:06 AM
[31mERROR[39m: Server error: GET /api/carts - cart is not defined
[35mFATAL[39m: GET /api/carts  -  cart is not defined  -  10:24:54 AM
[31mERROR[39m: Server error: GET /api/carts - cart is not defined
[35mFATAL[39m: GET /api/carts/654fd9036be6d3b4e19cb7c1  -  car is not defined  -  10:26:44 AM
[31mERROR[39m: Server error: GET /api/carts/654fd9036be6d3b4e19cb7c1 - car is not defined
[35mFATAL[39m: GET /api/carts/654fd9036be6d3b4e19cb7c1  -  car is not defined  -  10:28:01 AM
[31mERROR[39m: Server error: GET /api/carts/654fd9036be6d3b4e19cb7c1 - car is not defined
[35mFATAL[39m: GET /api/carts/654fd9036be6d3b4e19cb7c1  -  car is not defined  -  10:28:15 AM
[31mERROR[39m: Server error: GET /api/carts/654fd9036be6d3b4e19cb7c1 - car is not defined
[35mFATAL[39m: GET /api/carts  -  cart is not defined  -  10:28:54 AM
[31mERROR[39m: Server error: GET /api/carts - cart is not defined
[35mFATAL[39m: GET /api/carts/654fd9036be6d3b4e19cb7c1  -  car is not defined  -  10:31:29 AM
[31mERROR[39m: Server error: GET /api/carts/654fd9036be6d3b4e19cb7c1 - car is not defined
[35mFATAL[39m: GET /api/carts/654fd9036be6d3b4e19cb7c1  -  car is not defined  -  10:34:41 AM
[31mERROR[39m: Server error: GET /api/carts/654fd9036be6d3b4e19cb7c1 - car is not defined
[35mFATAL[39m: GET /api/carts/654fd9036be6d3b4e19cb7c1  -  car is not defined  -  10:35:20 AM
[31mERROR[39m: Server error: GET /api/carts/654fd9036be6d3b4e19cb7c1 - car is not defined
[35mFATAL[39m: GET /api/carts/525  -  Cast to ObjectId failed for value "525" (type string) at path "_id" for model "carts"  -  10:45:37 AM
[31mERROR[39m: Server error: GET /api/carts/525 - Cast to ObjectId failed for value "525" (type string) at path "_id" for model "carts"
[35mFATAL[39m: GET /api/carts  -  cart is not defined  -  10:55:03 AM
[31mERROR[39m: Server error: GET /api/carts - cart is not defined
[35mFATAL[39m: GET /api/carts  -  cart is not defined  -  10:55:28 AM
[31mERROR[39m: Server error: GET /api/carts - cart is not defined
[35mFATAL[39m: GET /api/carts  -  cart is not defined  -  10:56:54 AM
[31mERROR[39m: Server error: GET /api/carts - cart is not defined
[35mFATAL[39m: GET /api/carts  -  cart is not defined  -  10:57:13 AM
[31mERROR[39m: Server error: GET /api/carts - cart is not defined
[35mFATAL[39m: GET /api/carts  -  cart is not defined  -  11:06:32 AM
[31mERROR[39m: Server error: GET /api/carts - cart is not defined
[35mFATAL[39m: GET /api/carts  -  cart is not defined  -  11:07:03 AM
[31mERROR[39m: Server error: GET /api/carts - cart is not defined
[35mFATAL[39m: GET /api/carts  -  cart is not defined  -  11:07:34 AM
[35mFATAL[39m: GET /api/carts  -  cart is not defined  -  11:07:48 AM
[31mERROR[39m: Server error: GET /api/carts - cart is not defined
[35mFATAL[39m: GET /api/carts  -  cart is not defined  -  11:08:12 AM
[31mERROR[39m: Server error: GET /api/carts - cart is not defined
[35mFATAL[39m: GET /api/carts  -  cart is not defined  -  11:08:19 AM
[31mERROR[39m: Server error: GET /api/carts - cart is not defined
[35mFATAL[39m: GET /api/carts  -  cart is not defined  -  11:08:34 AM
[31mERROR[39m: Server error: GET /api/carts - cart is not defined
[35mFATAL[39m: GET /api/carts  -  cart is not defined  -  11:15:51 AM
[31mERROR[39m: Server error: GET /api/carts - cart is not defined
[35mFATAL[39m: GET /api/carts  -  cart is not defined  -  11:16:17 AM
[31mERROR[39m: Server error: GET /api/carts - cart is not defined
[35mFATAL[39m: GET /api/carts  -  cart is not defined  -  11:17:58 AM
[31mERROR[39m: Server error: GET /api/carts - cart is not defined
[35mFATAL[39m: GET /api/carts  -  cart is not defined  -  11:20:34 AM
[31mERROR[39m: Server error: GET /api/carts - cart is not defined
[35mFATAL[39m: GET /api/carts  -  cart is not defined  -  11:20:52 AM
[31mERROR[39m: Server error: GET /api/carts - cart is not defined
[35mFATAL[39m: GET /api/carts  -  cart is not defined  -  11:22:21 AM
[31mERROR[39m: Server error: GET /api/carts - cart is not defined
[35mFATAL[39m: GET /api/carts  -  cart is not defined  -  11:23:59 AM
[31mERROR[39m: Server error: GET /api/carts - cart is not defined
[35mFATAL[39m: GET /api/carts/654fd9036be6d3b4e19cb7c1  -  car is not defined  -  11:25:57 AM
[31mERROR[39m: Server error: GET /api/carts/654fd9036be6d3b4e19cb7c1 - car is not defined
[35mFATAL[39m: GET /api/carts/654fd9036be6d3b4e19cb7c1  -  cat is not defined  -  11:26:27 AM
[31mERROR[39m: Server error: GET /api/carts/654fd9036be6d3b4e19cb7c1 - cat is not defined
[35mFATAL[39m: POST /api/carts  -  addCar is not defined  -  7:47:00 PM
[31mERROR[39m: Server error: POST /api/carts - addCar is not defined
[35mFATAL[39m: POST /api/carts  -  this.service.CreateCar is not a function  -  7:47:39 PM
[31mERROR[39m: Server error: POST /api/carts - this.service.CreateCar is not a function
[35mFATAL[39m: POST /api/carts/654fd9036be6d3b4e19cb7c1/product/5453  -  CartsServices.GETCartById is not a function  -  7:51:18 PM
[31mERROR[39m: Server error: POST /api/carts/654fd9036be6d3b4e19cb7c1/product/5453 - CartsServices.GETCartById is not a function
[35mFATAL[39m: POST /api/carts/654fd9036be6d3b4e19cb7c1/product/5453  -  Cast to ObjectId failed for value "{ _id: '5453' }" (type Object) at path "_id" for model "products"  -  7:51:52 PM
[31mERROR[39m: Server error: POST /api/carts/654fd9036be6d3b4e19cb7c1/product/5453 - Cast to ObjectId failed for value "{ _id: '5453' }" (type Object) at path "_id" for model "products"
[35mFATAL[39m: POST /api/carts/654fd9036be6d3b4e19cb7c1/product/5453  -  Cannot read properties of null (reading '_id')  -  7:52:17 PM
[31mERROR[39m: Server error: POST /api/carts/654fd9036be6d3b4e19cb7c1/product/5453 - Cannot read properties of null (reading '_id')
[35mFATAL[39m: POST /api/carts/654fd9036be6d3b4e19cb7c1/product/5453  -  Cannot read properties of null (reading '_id')  -  7:54:36 PM
[31mERROR[39m: Server error: POST /api/carts/654fd9036be6d3b4e19cb7c1/product/5453 - Cannot read properties of null (reading '_id')
[35mFATAL[39m: POST /api/carts/654fd9036be6d3b4e19cb7c1/product/5453  -  Cannot read properties of undefined (reading '_id')  -  7:55:06 PM
[31mERROR[39m: Server error: POST /api/carts/654fd9036be6d3b4e19cb7c1/product/5453 - Cannot read properties of undefined (reading '_id')
[35mFATAL[39m: POST /api/carts/654fd9036be6d3b4e19cb7c1/product/5453  -  Cannot read properties of null (reading '_id')  -  7:56:16 PM
[31mERROR[39m: Server error: POST /api/carts/654fd9036be6d3b4e19cb7c1/product/5453 - Cannot read properties of null (reading '_id')
[35mFATAL[39m: POST /api/carts/654fd9036be6d3b4e19cb7c1/product/5453  -  Cannot read properties of null (reading '_id')  -  7:56:32 PM
[31mERROR[39m: Server error: POST /api/carts/654fd9036be6d3b4e19cb7c1/product/5453 - Cannot read properties of null (reading '_id')
[35mFATAL[39m: POST /api/carts/654fd9036be6d3b4e19cb7c1/product/654fd9036be6d3b4e19cb7c1  -  Cannot read properties of null (reading '_id')  -  7:56:52 PM
[31mERROR[39m: Server error: POST /api/carts/654fd9036be6d3b4e19cb7c1/product/654fd9036be6d3b4e19cb7c1 - Cannot read properties of null (reading '_id')
[35mFATAL[39m: POST /api/carts/654fd9036be6d3b4e19cb7c1/product/654fd9036be6d3b4e19cb7c1  -  Cannot read properties of null (reading '_id')  -  7:57:23 PM
[31mERROR[39m: Server error: POST /api/carts/654fd9036be6d3b4e19cb7c1/product/654fd9036be6d3b4e19cb7c1 - Cannot read properties of null (reading '_id')
[35mFATAL[39m: POST /api/carts/654fd9036be6d3b4e19cb7c1/product/654fd9036be6d3b4e19cb7c1  -  Cannot read properties of null (reading '_id')  -  7:59:01 PM
[31mERROR[39m: Server error: POST /api/carts/654fd9036be6d3b4e19cb7c1/product/654fd9036be6d3b4e19cb7c1 - Cannot read properties of null (reading '_id')
[35mFATAL[39m: POST /api/carts/654fd9036be6d3b4e19cb7c1/product/654fd9036be6d3b4e19cb7c1  -  Cannot read properties of null (reading '_id')  -  7:59:21 PM
[31mERROR[39m: Server error: POST /api/carts/654fd9036be6d3b4e19cb7c1/product/654fd9036be6d3b4e19cb7c1 - Cannot read properties of null (reading '_id')
[35mFATAL[39m: POST /api/carts/654fd9036be6d3b4e19cb7c1/product/654fd9036be6d3b4e19cb7c1  -  Cannot read properties of undefined (reading '_id')  -  8:02:05 PM
[31mERROR[39m: Server error: POST /api/carts/654fd9036be6d3b4e19cb7c1/product/654fd9036be6d3b4e19cb7c1 - Cannot read properties of undefined (reading '_id')
[35mFATAL[39m: POST /api/carts/654fd9036be6d3b4e19cb7c1/product/654fd9036be6d3b4e19cb7c1  -  ObjectId is not defined  -  8:05:20 PM
[31mERROR[39m: Server error: POST /api/carts/654fd9036be6d3b4e19cb7c1/product/654fd9036be6d3b4e19cb7c1 - ObjectId is not defined
[35mFATAL[39m: POST /api/carts/654fd9036be6d3b4e19cb7c1/product/654fd9036be6d3b4e19cb7c1  -  Cannot read properties of null (reading '_id')  -  8:06:56 PM
[31mERROR[39m: Server error: POST /api/carts/654fd9036be6d3b4e19cb7c1/product/654fd9036be6d3b4e19cb7c1 - Cannot read properties of null (reading '_id')
[35mFATAL[39m: POST /api/carts/654fd9036be6d3b4e19cb7c1/product/654fd9036be6d3b4e19cb7c1  -  Cannot read properties of null (reading '_id')  -  8:07:57 PM
[31mERROR[39m: Server error: POST /api/carts/654fd9036be6d3b4e19cb7c1/product/654fd9036be6d3b4e19cb7c1 - Cannot read properties of null (reading '_id')
[35mFATAL[39m: POST /api/carts/654fd9036be6d3b4e19cb7c1/product/654fd9036be6d3b4e19cb7c1  -  Cannot read properties of null (reading '_id')  -  8:08:27 PM
[31mERROR[39m: Server error: POST /api/carts/654fd9036be6d3b4e19cb7c1/product/654fd9036be6d3b4e19cb7c1 - Cannot read properties of null (reading '_id')
[35mFATAL[39m: POST /api/carts/654fd9036be6d3b4e19cb7c1/product/654fd9036be6d3b4e19cb7c1  -  Cannot read properties of null (reading '_id')  -  8:09:11 PM
[31mERROR[39m: Server error: POST /api/carts/654fd9036be6d3b4e19cb7c1/product/654fd9036be6d3b4e19cb7c1 - Cannot read properties of null (reading '_id')
[35mFATAL[39m: POST /api/carts/654fd9036be6d3b4e19cb7c1/product/654fd9036be6d3b4e19cb7c1  -  Cannot read properties of null (reading '_id')  -  8:09:22 PM
[31mERROR[39m: Server error: POST /api/carts/654fd9036be6d3b4e19cb7c1/product/654fd9036be6d3b4e19cb7c1 - Cannot read properties of null (reading '_id')
[35mFATAL[39m: POST /api/carts/654fd9036be6d3b4e19cb7c1/product/654fd9036be6d3b4e19cb7c1  -  Cannot read properties of null (reading '_id')  -  8:09:35 PM
[31mERROR[39m: Server error: POST /api/carts/654fd9036be6d3b4e19cb7c1/product/654fd9036be6d3b4e19cb7c1 - Cannot read properties of null (reading '_id')
[35mFATAL[39m: POST /api/carts/654fd9036be6d3b4e19cb7c1/product/64dc35e9b1a6f4bbfbf63db4  -  Cannot read properties of null (reading '_id')  -  8:10:21 PM
[31mERROR[39m: Server error: POST /api/carts/654fd9036be6d3b4e19cb7c1/product/64dc35e9b1a6f4bbfbf63db4 - Cannot read properties of null (reading '_id')
[35mFATAL[39m: POST /api/carts/654fd9036be6d3b4e19cb7c1/product/64dc35e9b1a6f4bbfbf63db4  -  Cannot read properties of null (reading '_id')  -  8:11:45 PM
[31mERROR[39m: Server error: POST /api/carts/654fd9036be6d3b4e19cb7c1/product/64dc35e9b1a6f4bbfbf63db4 - Cannot read properties of null (reading '_id')
[35mFATAL[39m: POST /api/carts/654fd9036be6d3b4e19cb7c1/product/64dc35e9b1a6f4bbfbf63db4  -  Cannot read properties of null (reading '_id')  -  8:12:37 PM
[31mERROR[39m: Server error: POST /api/carts/654fd9036be6d3b4e19cb7c1/product/64dc35e9b1a6f4bbfbf63db4 - Cannot read properties of null (reading '_id')
[35mFATAL[39m: POST /api/carts/654fd9036be6d3b4e19cb7c1/product/64dc35e9b1a6f4bbfbf63db4  -  Cannot read properties of null (reading '_id')  -  8:13:16 PM
[31mERROR[39m: Server error: POST /api/carts/654fd9036be6d3b4e19cb7c1/product/64dc35e9b1a6f4bbfbf63db4 - Cannot read properties of null (reading '_id')
[35mFATAL[39m: POST /api/carts/654fd9036be6d3b4e19cb7c1/purchase  -  next is not a function  -  8:16:55 PM
[31mERROR[39m: Server error: POST /api/carts/654fd9036be6d3b4e19cb7c1/purchase - next is not a function
[35mFATAL[39m: POST /api/carts/654fd9036be6d3b4e19cb7c1/purchase  -  next is not a function  -  8:18:16 PM
[31mERROR[39m: Server error: POST /api/carts/654fd9036be6d3b4e19cb7c1/purchase - next is not a function
[35mFATAL[39m: POST /api/carts/654fd9036be6d3b4e19cb7c1/purchase  -  next is not a function  -  8:23:01 PM
[31mERROR[39m: Server error: POST /api/carts/654fd9036be6d3b4e19cb7c1/purchase - next is not a function
[35mFATAL[39m: POST /api/carts/654fd9036be6d3b4e19cb7c1/purchase  -  next is not a function  -  8:23:27 PM
[31mERROR[39m: Server error: POST /api/carts/654fd9036be6d3b4e19cb7c1/purchase - next is not a function
[35mFATAL[39m: POST /api/carts/654fd9036be6d3b4e19cb7c1/purchase  -  next is not a function  -  8:23:40 PM
[31mERROR[39m: Server error: POST /api/carts/654fd9036be6d3b4e19cb7c1/purchase - next is not a function
[35mFATAL[39m: POST /api/carts/654fd9036be6d3b4e19cb7c1/purchase  -  next is not a function  -  8:24:31 PM
[31mERROR[39m: Server error: POST /api/carts/654fd9036be6d3b4e19cb7c1/purchase - next is not a function
[35mFATAL[39m: POST /api/carts/654fd9036be6d3b4e19cb7c1/purchase  -  next is not a function  -  8:24:56 PM
[31mERROR[39m: Server error: POST /api/carts/654fd9036be6d3b4e19cb7c1/purchase - next is not a function
[35mFATAL[39m: GET /api/carts  -  cart is not defined  -  8:25:44 PM
[31mERROR[39m: Server error: GET /api/carts - cart is not defined
[35mFATAL[39m: GET /api/carts/654fd9036be6d3b4e19cb7c1/purchase  -  car is not defined  -  8:26:54 PM
[31mERROR[39m: Server error: GET /api/carts/654fd9036be6d3b4e19cb7c1/purchase - car is not defined
[35mFATAL[39m: PUT /api/carts/654fd9036be6d3b4e19cb7c1/product/64dc35e9b1a6f4bbfbf63db4  -  Invalid quantity.  -  8:32:01 PM
[31mERROR[39m: Server error: PUT /api/carts/654fd9036be6d3b4e19cb7c1/product/64dc35e9b1a6f4bbfbf63db4 - Invalid quantity.
[35mFATAL[39m: DELETE /api/carts/654fd9036be6d3b4e19cb7c8/  -  Not found docuement.  -  8:32:43 PM
[31mERROR[39m: Server error: DELETE /api/carts/654fd9036be6d3b4e19cb7c8/ - Not found docuement.
[35mFATAL[39m: DELETE /api/carts/654fd9066be6d3b4e19cb7c3/products  -  Document is empty.  -  8:35:56 PM
[31mERROR[39m: Server error: DELETE /api/carts/654fd9066be6d3b4e19cb7c3/products - Document is empty.
[35mFATAL[39m: DELETE /api/carts/654fd9066be6d3b4e19cb7c3/products  -  Document is empty.  -  8:37:34 PM
[31mERROR[39m: Server error: DELETE /api/carts/654fd9066be6d3b4e19cb7c3/products - Document is empty.
[35mFATAL[39m: DELETE /api/carts/654fd9066be6d3b4e19cb7c3/product/64dc35e9b1a6f4bbfbf63db4  -  Document is empty.  -  8:43:04 PM
[31mERROR[39m: Server error: DELETE /api/carts/654fd9066be6d3b4e19cb7c3/product/64dc35e9b1a6f4bbfbf63db4 - Document is empty.
[35mFATAL[39m: GET /api/products  -  prod is not defined  -  8:45:20 PM
[31mERROR[39m: Server error: GET /api/products - prod is not defined
[35mFATAL[39m: GET /api/products/656f2348a74b230d9d6a33d3  -  Cannot read properties of null (reading '_id')  -  8:47:54 PM
[31mERROR[39m: Server error: GET /api/products/656f2348a74b230d9d6a33d3 - Cannot read properties of null (reading '_id')
[35mFATAL[39m: GET /api/products/656f2348a74b230d9d6a33d3  -  Cannot read properties of null (reading '_id')  -  8:48:30 PM
[31mERROR[39m: Server error: GET /api/products/656f2348a74b230d9d6a33d3 - Cannot read properties of null (reading '_id')
[35mFATAL[39m: GET /api/products/64dc35e9b1a6f4bbfbf63db5  -  Cannot read properties of null (reading '_id')  -  8:48:42 PM
[31mERROR[39m: Server error: GET /api/products/64dc35e9b1a6f4bbfbf63db5 - Cannot read properties of null (reading '_id')
[35mFATAL[39m: GET /api/products/64dc35e9b1a6f4bbfbf63db5  -  Cannot read properties of null (reading '_id')  -  8:51:10 PM
[31mERROR[39m: Server error: GET /api/products/64dc35e9b1a6f4bbfbf63db5 - Cannot read properties of null (reading '_id')
[35mFATAL[39m: GET /api/products/64dc35e9b1a6f4bbfbf63db5  -  Cannot read properties of null (reading '_id')  -  8:51:19 PM
[31mERROR[39m: Server error: GET /api/products/64dc35e9b1a6f4bbfbf63db5 - Cannot read properties of null (reading '_id')
[35mFATAL[39m: GET /api/products/64dc35e9b1a6f4bbfbf63db5  -  Cannot read properties of null (reading '_id')  -  8:51:52 PM
[31mERROR[39m: Server error: GET /api/products/64dc35e9b1a6f4bbfbf63db5 - Cannot read properties of null (reading '_id')
[35mFATAL[39m: GET /api/products/64dc35e9b1a6f4bbfbf63db5  -  Cannot read properties of null (reading '_id')  -  8:52:00 PM
[31mERROR[39m: Server error: GET /api/products/64dc35e9b1a6f4bbfbf63db5 - Cannot read properties of null (reading '_id')
[35mFATAL[39m: GET /api/products/64dc35e9b1a6f4bbfbf63db5  -  Cannot read properties of null (reading '_id')  -  8:55:03 PM
[31mERROR[39m: Server error: GET /api/products/64dc35e9b1a6f4bbfbf63db5 - Cannot read properties of null (reading '_id')
[35mFATAL[39m: GET /api/products  -  pros is not defined  -  8:55:41 PM
[31mERROR[39m: Server error: GET /api/products - pros is not defined
[35mFATAL[39m: GET /api/products//64dc35e9b1a6f4bbfbf63db5  -  Cannot read properties of null (reading '_id')  -  8:55:49 PM
[31mERROR[39m: Server error: GET /api/products//64dc35e9b1a6f4bbfbf63db5 - Cannot read properties of null (reading '_id')
[35mFATAL[39m: GET /api/products/64dc35e9b1a6f4bbfbf63db5  -  Cannot read properties of null (reading '_id')  -  8:55:52 PM
[31mERROR[39m: Server error: GET /api/products/64dc35e9b1a6f4bbfbf63db5 - Cannot read properties of null (reading '_id')
[35mFATAL[39m: GET /api/products/64dc35e9b1a6f4bbfbf63db7  -  Cannot read properties of null (reading '_id')  -  8:56:00 PM
[31mERROR[39m: Server error: GET /api/products/64dc35e9b1a6f4bbfbf63db7 - Cannot read properties of null (reading '_id')
[35mFATAL[39m: GET /api/products/64dc35e9b1a6f4bbfbf63db7  -  Cannot read properties of null (reading '_id')  -  8:58:16 PM
[31mERROR[39m: Server error: GET /api/products/64dc35e9b1a6f4bbfbf63db7 - Cannot read properties of null (reading '_id')
[35mFATAL[39m: GET /api/products/64dc35e9b1a6f4bbfbf6  -  Cast to ObjectId failed for value "64dc35e9b1a6f4bbfbf6" (type string) at path "_id" for model "products"  -  8:58:48 PM
[31mERROR[39m: Server error: GET /api/products/64dc35e9b1a6f4bbfbf6 - Cast to ObjectId failed for value "64dc35e9b1a6f4bbfbf6" (type string) at path "_id" for model "products"
[35mFATAL[39m: GET /api/products/64dc35e9b1a6f4bbfbf63db8  -  Cannot read properties of null (reading '_id')  -  8:58:57 PM
[31mERROR[39m: Server error: GET /api/products/64dc35e9b1a6f4bbfbf63db8 - Cannot read properties of null (reading '_id')
[35mFATAL[39m: GET /api/products/64dc35e9b1a6f4bbfbf63db8  -  Cannot read properties of null (reading '_id')  -  9:00:47 PM
[31mERROR[39m: Server error: GET /api/products/64dc35e9b1a6f4bbfbf63db8 - Cannot read properties of null (reading '_id')
[35mFATAL[39m: GET /api/products/64dc35e9b1a6f4bbfbf63db8  -  Cannot read properties of null (reading '_id')  -  9:01:27 PM
[31mERROR[39m: Server error: GET /api/products/64dc35e9b1a6f4bbfbf63db8 - Cannot read properties of null (reading '_id')
[35mFATAL[39m: GET /api/products/64dc35e9b1a6f4bbfbf63db8  -  Cannot read properties of null (reading '_id')  -  9:04:36 PM
[31mERROR[39m: Server error: GET /api/products/64dc35e9b1a6f4bbfbf63db8 - Cannot read properties of null (reading '_id')
[35mFATAL[39m: GET /api/products/64dc35e9b1a6f4bbfbf63db8  -  Cannot read properties of null (reading '_id')  -  9:05:21 PM
[31mERROR[39m: Server error: GET /api/products/64dc35e9b1a6f4bbfbf63db8 - Cannot read properties of null (reading '_id')
[35mFATAL[39m: GET /api/products/64dc35e9b1a6f4bbfbf63db4  -  produc is not defined  -  9:05:25 PM
[31mERROR[39m: Server error: GET /api/products/64dc35e9b1a6f4bbfbf63db4 - produc is not defined
[35mFATAL[39m: GET /api/carts/654fd9066be6d3b4e19cb7c4  -  Cannot read properties of null (reading '_id')  -  9:05:51 PM
[31mERROR[39m: Server error: GET /api/carts/654fd9066be6d3b4e19cb7c4 - Cannot read properties of null (reading '_id')
[35mFATAL[39m: GET /api/products/654fd9066be6d3b4e19cb7c4  -  Cannot read properties of null (reading '_id')  -  9:06:02 PM
[31mERROR[39m: Server error: GET /api/products/654fd9066be6d3b4e19cb7c4 - Cannot read properties of null (reading '_id')
[35mFATAL[39m: GET /api/products/64dc35e9b1a6f4bbfbf63db5  -  Cannot read properties of null (reading '_id')  -  9:08:49 PM
[31mERROR[39m: Server error: GET /api/products/64dc35e9b1a6f4bbfbf63db5 - Cannot read properties of null (reading '_id')
[35mFATAL[39m: PUT /api/products/64dc35e9b1a6f4bbfbf63db5  -  Cannot read properties of null (reading '_id')  -  9:13:32 PM
[31mERROR[39m: Server error: PUT /api/products/64dc35e9b1a6f4bbfbf63db5 - Cannot read properties of null (reading '_id')
[35mFATAL[39m: PUT /api/products/64dc35e9b1a6f4bbfbf63db5  -  Cannot read properties of null (reading '_id')  -  9:14:47 PM
[31mERROR[39m: Server error: PUT /api/products/64dc35e9b1a6f4bbfbf63db5 - Cannot read properties of null (reading '_id')
[35mFATAL[39m: PUT /api/products/64dc35e9b1a6f4bbfbf63db4  -  Incomplete values.  -  9:15:19 PM
[31mERROR[39m: Server error: PUT /api/products/64dc35e9b1a6f4bbfbf63db4 - Incomplete values.
[35mFATAL[39m: PUT /api/products/64dc35e9b1a6f4bbfbf63db4  -  Incomplete values.  -  9:15:31 PM
[31mERROR[39m: Server error: PUT /api/products/64dc35e9b1a6f4bbfbf63db4 - Incomplete values.
[35mFATAL[39m: DELETE /api/products/64dc35e9b1a6f4bbfbf63db5  -  Cannot access 'product' before initialization  -  9:17:19 PM
[31mERROR[39m: Server error: DELETE /api/products/64dc35e9b1a6f4bbfbf63db5 - Cannot access 'product' before initialization
[35mFATAL[39m: DELETE /api/products/64dc35e9b1a6f4bbfbf63db5  -  next is not a function  -  9:17:34 PM
[31mERROR[39m: Server error: DELETE /api/products/64dc35e9b1a6f4bbfbf63db5 - next is not a function
[35mFATAL[39m: DELETE /api/products/64dc35e9b1a6f4bbfbf63db5  -  next is not a function  -  9:17:49 PM
[31mERROR[39m: Server error: DELETE /api/products/64dc35e9b1a6f4bbfbf63db5 - next is not a function
[35mFATAL[39m: DELETE /api/products/64dc35e9b1a6f4bbfbf63db5  -  Cannot read properties of null (reading '_id')  -  9:18:11 PM
[31mERROR[39m: Server error: DELETE /api/products/64dc35e9b1a6f4bbfbf63db5 - Cannot read properties of null (reading '_id')
[35mFATAL[39m: DELETE /api/products/64dc35e9b1a6f4bbfbf63db5  -  next is not a function  -  9:18:34 PM
[31mERROR[39m: Server error: DELETE /api/products/64dc35e9b1a6f4bbfbf63db5 - next is not a function
[35mFATAL[39m: DELETE /api/products/64dc35e9b1a6f4bbfbf63db5  -  next is not a function  -  9:18:43 PM
[31mERROR[39m: Server error: DELETE /api/products/64dc35e9b1a6f4bbfbf63db5 - next is not a function
[35mFATAL[39m: DELETE /api/products/64dc35e9b1a6f4bbfbf63db5  -  Cannot read properties of null (reading '_id')  -  9:18:52 PM
[31mERROR[39m: Server error: DELETE /api/products/64dc35e9b1a6f4bbfbf63db5 - Cannot read properties of null (reading '_id')
[35mFATAL[39m: DELETE /api/products/64dc35e9b1a6f4bbfbf63db5  -  next is not a function  -  9:19:26 PM
[31mERROR[39m: Server error: DELETE /api/products/64dc35e9b1a6f4bbfbf63db5 - next is not a function
[35mFATAL[39m: DELETE /api/products/64dc35e9b1a6f4bbfbf63db5  -  next is not a function  -  9:19:36 PM
[31mERROR[39m: Server error: DELETE /api/products/64dc35e9b1a6f4bbfbf63db5 - next is not a function
[35mFATAL[39m: DELETE /api/products/64dc35e9b1a6f4bbfbf63db5  -  next is not a function  -  9:19:48 PM
[31mERROR[39m: Server error: DELETE /api/products/64dc35e9b1a6f4bbfbf63db5 - next is not a function
[35mFATAL[39m: GET /api/products/656f235aa74b230d9d6a33d6  -  Cannot read properties of null (reading '_id')  -  9:21:16 PM
[31mERROR[39m: Server error: GET /api/products/656f235aa74b230d9d6a33d6 - Cannot read properties of null (reading '_id')
[35mFATAL[39m: GET /api/products/656f235aa74b230d9d6a33d7  -  Cannot read properties of null (reading '_id')  -  9:21:26 PM
[31mERROR[39m: Server error: GET /api/products/656f235aa74b230d9d6a33d7 - Cannot read properties of null (reading '_id')
[35mFATAL[39m: GET /api/products/656f235aa74b230d9d6a33d7  -  Cannot read properties of null (reading '_id')  -  9:22:56 PM
[31mERROR[39m: Server error: GET /api/products/656f235aa74b230d9d6a33d7 - Cannot read properties of null (reading '_id')
[35mFATAL[39m: GET /api/products/656f235aa74b230d9d6a33d  -  Cast to ObjectId failed for value "656f235aa74b230d9d6a33d" (type string) at path "_id" for model "products"  -  9:23:02 PM
[31mERROR[39m: Server error: GET /api/products/656f235aa74b230d9d6a33d - Cast to ObjectId failed for value "656f235aa74b230d9d6a33d" (type string) at path "_id" for model "products"
[35mFATAL[39m: DELETE /api/products/65662485558b6a1d5c7d11dd  -  this.service.GETProductById is not a function  -  9:23:40 PM
[31mERROR[39m: Server error: DELETE /api/products/65662485558b6a1d5c7d11dd - this.service.GETProductById is not a function
[35mFATAL[39m: DELETE /api/products/65662485558b6a1d5c7d11dd  -  Cannot read properties of null (reading '_id')  -  9:23:53 PM
[31mERROR[39m: Server error: DELETE /api/products/65662485558b6a1d5c7d11dd - Cannot read properties of null (reading '_id')
[35mFATAL[39m: DELETE /api/products/65662485558b6a1d5c7d11dc  -  Cannot read properties of null (reading '_id')  -  9:26:36 PM
[31mERROR[39m: Server error: DELETE /api/products/65662485558b6a1d5c7d11dc - Cannot read properties of null (reading '_id')
[35mFATAL[39m: GET /api/products/65662485558b6a1d5c7d11dc  -  Cannot read properties of null (reading '_id')  -  9:28:03 PM
[31mERROR[39m: Server error: GET /api/products/65662485558b6a1d5c7d11dc - Cannot read properties of null (reading '_id')
[35mFATAL[39m: GET /api/products/65662a111591a0b089b4f47f  -  Cannot read properties of null (reading '_id')  -  9:28:21 PM
[31mERROR[39m: Server error: GET /api/products/65662a111591a0b089b4f47f - Cannot read properties of null (reading '_id')
[35mFATAL[39m: POST /api/auth/register  -  Credentials are already in use.  -  9:27:01 PM
[31mERROR[39m: Server error: POST /api/auth/register - Credentials are already in use.
[35mFATAL[39m: POST /api/auth/register  -  Credentials are already in use.  -  9:28:20 PM
[31mERROR[39m: Server error: POST /api/auth/register - Credentials are already in use.
[35mFATAL[39m: POST /api/auth/register  -  Credentials are already in use.  -  9:28:22 PM
[31mERROR[39m: Server error: POST /api/auth/register - Credentials are already in use.
[35mFATAL[39m: POST /api/auth/login  -  Invalid credentials.  -  1:35:59 PM
[31mERROR[39m: Server error: POST /api/auth/login - Invalid credentials.
[35mFATAL[39m: POST /api/auth/user/premium  -  req is not defined  -  1:40:44 PM
[31mERROR[39m: Server error: POST /api/auth/user/premium - req is not defined
[35mFATAL[39m: POST /api/auth/user/premium  -  req is not defined  -  1:41:57 PM
[31mERROR[39m: Server error: POST /api/auth/user/premium - req is not defined
[35mFATAL[39m: POST /api/auth/user/premium  -  req is not defined  -  1:42:33 PM
[31mERROR[39m: Server error: POST /api/auth/user/premium - req is not defined
[35mFATAL[39m: POST /api/auth/user/premium  -  req is not defined  -  1:42:59 PM
[31mERROR[39m: Server error: POST /api/auth/user/premium - req is not defined
[35mFATAL[39m: POST /api/auth/user/premium  -  req is not defined  -  1:45:00 PM
[31mERROR[39m: Server error: POST /api/auth/user/premium - req is not defined
[35mFATAL[39m: POST /api/products  -  Incomplete values.  -  1:59:57 PM
[31mERROR[39m: Server error: POST /api/products - Incomplete values.
[35mFATAL[39m: POST /api/products  -  Incomplete values.  -  2:19:24 PM
[31mERROR[39m: Server error: POST /api/products - Incomplete values.
[35mFATAL[39m: POST /api/products  -  Incomplete values.  -  2:21:01 PM
[31mERROR[39m: Server error: POST /api/products - Incomplete values.
[35mFATAL[39m: POST /api/products  -  Incomplete values.  -  2:22:33 PM
[31mERROR[39m: Server error: POST /api/products - Incomplete values.
[35mFATAL[39m: POST /api/products  -  Incomplete values.  -  2:23:27 PM
[31mERROR[39m: Server error: POST /api/products - Incomplete values.
[35mFATAL[39m: POST /api/products  -  Incomplete values.  -  2:24:43 PM
[31mERROR[39m: Server error: POST /api/products - Incomplete values.
[35mFATAL[39m: POST /api/auth/login  -  Invalid credentials.  -  5:54:54 PM
[31mERROR[39m: Server error: POST /api/auth/login - Invalid credentials.
[35mFATAL[39m: POST /api/carts  -  sucess is not defined  -  5:56:59 PM
[31mERROR[39m: Server error: POST /api/carts - sucess is not defined
[35mFATAL[39m: GET /api/products/null  -  Cast to ObjectId failed for value "null" (type string) at path "_id" for model "products"  -  7:12:11 PM
[31mERROR[39m: Server error: GET /api/products/null - Cast to ObjectId failed for value "null" (type string) at path "_id" for model "products"
[35mFATAL[39m: GET /api/products/null  -  Cast to ObjectId failed for value "null" (type string) at path "_id" for model "products"  -  7:13:43 PM
[31mERROR[39m: Server error: GET /api/products/null - Cast to ObjectId failed for value "null" (type string) at path "_id" for model "products"
[35mFATAL[39m: GET /api/carts/null  -  Cast to ObjectId failed for value "null" (type string) at path "_id" for model "carts"  -  7:16:14 PM
[31mERROR[39m: Server error: GET /api/carts/null - Cast to ObjectId failed for value "null" (type string) at path "_id" for model "carts"
[35mFATAL[39m: GET /api/products/null  -  Cast to ObjectId failed for value "null" (type string) at path "_id" for model "products"  -  7:16:15 PM
[31mERROR[39m: Server error: GET /api/products/null - Cast to ObjectId failed for value "null" (type string) at path "_id" for model "products"
[35mFATAL[39m: GET /api/carts/null  -  Cast to ObjectId failed for value "null" (type string) at path "_id" for model "carts"  -  7:17:52 PM
[31mERROR[39m: Server error: GET /api/carts/null - Cast to ObjectId failed for value "null" (type string) at path "_id" for model "carts"
[35mFATAL[39m: GET /api/products/null  -  Cast to ObjectId failed for value "null" (type string) at path "_id" for model "products"  -  7:17:53 PM
[31mERROR[39m: Server error: GET /api/products/null - Cast to ObjectId failed for value "null" (type string) at path "_id" for model "products"
[35mFATAL[39m: GET /api/carts/null  -  Cast to ObjectId failed for value "null" (type string) at path "_id" for model "carts"  -  7:19:02 PM
[31mERROR[39m: Server error: GET /api/carts/null - Cast to ObjectId failed for value "null" (type string) at path "_id" for model "carts"
[35mFATAL[39m: GET /api/products/null  -  Cast to ObjectId failed for value "null" (type string) at path "_id" for model "products"  -  7:19:03 PM
[31mERROR[39m: Server error: GET /api/products/null - Cast to ObjectId failed for value "null" (type string) at path "_id" for model "products"
[35mFATAL[39m: GET /api/carts/null  -  Cast to ObjectId failed for value "null" (type string) at path "_id" for model "carts"  -  7:19:45 PM
[31mERROR[39m: Server error: GET /api/carts/null - Cast to ObjectId failed for value "null" (type string) at path "_id" for model "carts"
[35mFATAL[39m: GET /api/products/null  -  Cast to ObjectId failed for value "null" (type string) at path "_id" for model "products"  -  7:19:46 PM
[31mERROR[39m: Server error: GET /api/products/null - Cast to ObjectId failed for value "null" (type string) at path "_id" for model "products"
[35mFATAL[39m: GET /api/products/null  -  Cast to ObjectId failed for value "null" (type string) at path "_id" for model "products"  -  7:20:47 PM
[31mERROR[39m: Server error: GET /api/products/null - Cast to ObjectId failed for value "null" (type string) at path "_id" for model "products"
[35mFATAL[39m: GET /api/carts/null  -  Cast to ObjectId failed for value "null" (type string) at path "_id" for model "carts"  -  7:21:03 PM
[31mERROR[39m: Server error: GET /api/carts/null - Cast to ObjectId failed for value "null" (type string) at path "_id" for model "carts"
[35mFATAL[39m: GET /api/products/null  -  Cast to ObjectId failed for value "null" (type string) at path "_id" for model "products"  -  7:21:03 PM
[31mERROR[39m: Server error: GET /api/products/null - Cast to ObjectId failed for value "null" (type string) at path "_id" for model "products"
[35mFATAL[39m: GET /api/products/null  -  Cast to ObjectId failed for value "null" (type string) at path "_id" for model "products"  -  7:21:13 PM
[31mERROR[39m: Server error: GET /api/products/null - Cast to ObjectId failed for value "null" (type string) at path "_id" for model "products"
[35mFATAL[39m: GET /api/carts/null  -  Cast to ObjectId failed for value "null" (type string) at path "_id" for model "carts"  -  7:22:16 PM
[31mERROR[39m: Server error: GET /api/carts/null - Cast to ObjectId failed for value "null" (type string) at path "_id" for model "carts"
[35mFATAL[39m: GET /api/products/null  -  Cast to ObjectId failed for value "null" (type string) at path "_id" for model "products"  -  7:22:17 PM
[31mERROR[39m: Server error: GET /api/products/null - Cast to ObjectId failed for value "null" (type string) at path "_id" for model "products"
[35mFATAL[39m: GET /api/products/null  -  Cast to ObjectId failed for value "null" (type string) at path "_id" for model "products"  -  7:22:40 PM
[31mERROR[39m: Server error: GET /api/products/null - Cast to ObjectId failed for value "null" (type string) at path "_id" for model "products"
[35mFATAL[39m: GET /api/products/null  -  Cast to ObjectId failed for value "null" (type string) at path "_id" for model "products"  -  7:23:01 PM
[31mERROR[39m: Server error: GET /api/products/null - Cast to ObjectId failed for value "null" (type string) at path "_id" for model "products"
[35mFATAL[39m: GET /api/products/null  -  Cast to ObjectId failed for value "null" (type string) at path "_id" for model "products"  -  7:23:18 PM
[31mERROR[39m: Server error: GET /api/products/null - Cast to ObjectId failed for value "null" (type string) at path "_id" for model "products"
[35mFATAL[39m: GET /api/products/null  -  Cast to ObjectId failed for value "null" (type string) at path "_id" for model "products"  -  7:24:14 PM
[31mERROR[39m: Server error: GET /api/products/null - Cast to ObjectId failed for value "null" (type string) at path "_id" for model "products"
[35mFATAL[39m: GET /api/products/null  -  Cast to ObjectId failed for value "null" (type string) at path "_id" for model "products"  -  7:24:38 PM
[31mERROR[39m: Server error: GET /api/products/null - Cast to ObjectId failed for value "null" (type string) at path "_id" for model "products"
[35mFATAL[39m: GET /api/products/null  -  Cast to ObjectId failed for value "null" (type string) at path "_id" for model "products"  -  7:24:54 PM
[31mERROR[39m: Server error: GET /api/products/null - Cast to ObjectId failed for value "null" (type string) at path "_id" for model "products"
[35mFATAL[39m: GET /api/products/null  -  Cast to ObjectId failed for value "null" (type string) at path "_id" for model "products"  -  7:26:04 PM
[31mERROR[39m: Server error: GET /api/products/null - Cast to ObjectId failed for value "null" (type string) at path "_id" for model "products"
[35mFATAL[39m: GET /api/products/null  -  Cast to ObjectId failed for value "null" (type string) at path "_id" for model "products"  -  7:26:39 PM
[31mERROR[39m: Server error: GET /api/products/null - Cast to ObjectId failed for value "null" (type string) at path "_id" for model "products"
[35mFATAL[39m: GET /api/products/null  -  Cast to ObjectId failed for value "null" (type string) at path "_id" for model "products"  -  7:26:57 PM
[31mERROR[39m: Server error: GET /api/products/null - Cast to ObjectId failed for value "null" (type string) at path "_id" for model "products"
[35mFATAL[39m: GET /api/products/null  -  Cast to ObjectId failed for value "null" (type string) at path "_id" for model "products"  -  7:27:50 PM
[31mERROR[39m: Server error: GET /api/products/null - Cast to ObjectId failed for value "null" (type string) at path "_id" for model "products"
[35mFATAL[39m: GET /api/products/null  -  Cast to ObjectId failed for value "null" (type string) at path "_id" for model "products"  -  7:28:24 PM
[31mERROR[39m: Server error: GET /api/products/null - Cast to ObjectId failed for value "null" (type string) at path "_id" for model "products"
[35mFATAL[39m: GET /api/products/null  -  Cast to ObjectId failed for value "null" (type string) at path "_id" for model "products"  -  7:29:24 PM
[31mERROR[39m: Server error: GET /api/products/null - Cast to ObjectId failed for value "null" (type string) at path "_id" for model "products"
[35mFATAL[39m: GET /api/products/null  -  Cast to ObjectId failed for value "null" (type string) at path "_id" for model "products"  -  7:30:25 PM
[31mERROR[39m: Server error: GET /api/products/null - Cast to ObjectId failed for value "null" (type string) at path "_id" for model "products"
[35mFATAL[39m: GET /api/products/null  -  Cast to ObjectId failed for value "null" (type string) at path "_id" for model "products"  -  7:30:36 PM
[31mERROR[39m: Server error: GET /api/products/null - Cast to ObjectId failed for value "null" (type string) at path "_id" for model "products"
[35mFATAL[39m: GET /api/products/null  -  Cast to ObjectId failed for value "null" (type string) at path "_id" for model "products"  -  7:31:13 PM
[31mERROR[39m: Server error: GET /api/products/null - Cast to ObjectId failed for value "null" (type string) at path "_id" for model "products"
[35mFATAL[39m: GET /api/products/null  -  Cast to ObjectId failed for value "null" (type string) at path "_id" for model "products"  -  7:32:31 PM
[31mERROR[39m: Server error: GET /api/products/null - Cast to ObjectId failed for value "null" (type string) at path "_id" for model "products"
[35mFATAL[39m: POST /api/products  -  Incomplete values.  -  7:33:40 PM
[31mERROR[39m: Server error: POST /api/products - Incomplete values.
[35mFATAL[39m: GET /api/products/null  -  Cast to ObjectId failed for value "null" (type string) at path "_id" for model "products"  -  7:33:40 PM
[31mERROR[39m: Server error: GET /api/products/null - Cast to ObjectId failed for value "null" (type string) at path "_id" for model "products"
[35mFATAL[39m: GET /api/products/null  -  Cast to ObjectId failed for value "null" (type string) at path "_id" for model "products"  -  7:35:18 PM
[31mERROR[39m: Server error: GET /api/products/null - Cast to ObjectId failed for value "null" (type string) at path "_id" for model "products"
[35mFATAL[39m: GET /api/products/null  -  Cast to ObjectId failed for value "null" (type string) at path "_id" for model "products"  -  7:37:43 PM
[31mERROR[39m: Server error: GET /api/products/null - Cast to ObjectId failed for value "null" (type string) at path "_id" for model "products"
[35mFATAL[39m: GET /api/products/null  -  Cast to ObjectId failed for value "null" (type string) at path "_id" for model "products"  -  7:38:06 PM
[31mERROR[39m: Server error: GET /api/products/null - Cast to ObjectId failed for value "null" (type string) at path "_id" for model "products"
[35mFATAL[39m: POST /api/auth/register  -  Credentials are already in use.  -  7:38:07 PM
[31mERROR[39m: Server error: POST /api/auth/register - Credentials are already in use.
[35mFATAL[39m: GET /api/products/null  -  Cast to ObjectId failed for value "null" (type string) at path "_id" for model "products"  -  7:39:50 PM
[31mERROR[39m: Server error: GET /api/products/null - Cast to ObjectId failed for value "null" (type string) at path "_id" for model "products"
[35mFATAL[39m: POST /api/auth/register  -  Credentials are already in use.  -  7:39:51 PM
[31mERROR[39m: Server error: POST /api/auth/register - Credentials are already in use.
[35mFATAL[39m: POST /api/auth/login  -  Invalid credentials.  -  7:39:51 PM
[31mERROR[39m: Server error: POST /api/auth/login - Invalid credentials.
[35mFATAL[39m: GET /api/products/null  -  Cast to ObjectId failed for value "null" (type string) at path "_id" for model "products"  -  8:15:54 PM
[31mERROR[39m: Server error: GET /api/products/null - Cast to ObjectId failed for value "null" (type string) at path "_id" for model "products"
[35mFATAL[39m: POST /api/auth/register  -  Credentials are already in use.  -  8:15:55 PM
[31mERROR[39m: Server error: POST /api/auth/register - Credentials are already in use.
[35mFATAL[39m: POST /api/auth/login  -  Invalid credentials.  -  8:15:55 PM
[31mERROR[39m: Server error: POST /api/auth/login - Invalid credentials.
[35mFATAL[39m: GET /api/products/null  -  Cast to ObjectId failed for value "null" (type string) at path "_id" for model "products"  -  8:17:11 PM
[31mERROR[39m: Server error: GET /api/products/null - Cast to ObjectId failed for value "null" (type string) at path "_id" for model "products"
[35mFATAL[39m: POST /api/auth/register  -  Credentials are already in use.  -  8:17:12 PM
[31mERROR[39m: Server error: POST /api/auth/register - Credentials are already in use.
[35mFATAL[39m: POST /api/auth/login  -  Invalid credentials.  -  8:17:12 PM
[31mERROR[39m: Server error: POST /api/auth/login - Invalid credentials.
[35mFATAL[39m: GET /api/carts/null  -  Cast to ObjectId failed for value "null" (type string) at path "_id" for model "carts"  -  8:17:43 PM
[31mERROR[39m: Server error: GET /api/carts/null - Cast to ObjectId failed for value "null" (type string) at path "_id" for model "carts"
[35mFATAL[39m: GET /api/products/null  -  Cast to ObjectId failed for value "null" (type string) at path "_id" for model "products"  -  8:17:44 PM
[31mERROR[39m: Server error: GET /api/products/null - Cast to ObjectId failed for value "null" (type string) at path "_id" for model "products"
[35mFATAL[39m: POST /api/auth/register  -  Credentials are already in use.  -  8:17:45 PM
[31mERROR[39m: Server error: POST /api/auth/register - Credentials are already in use.
[35mFATAL[39m: POST /api/auth/login  -  Invalid credentials.  -  8:17:45 PM
[31mERROR[39m: Server error: POST /api/auth/login - Invalid credentials.
[35mFATAL[39m: GET /api/carts/null  -  Cast to ObjectId failed for value "null" (type string) at path "_id" for model "carts"  -  8:19:53 PM
[31mERROR[39m: Server error: GET /api/carts/null - Cast to ObjectId failed for value "null" (type string) at path "_id" for model "carts"
[35mFATAL[39m: GET /api/products/null  -  Cast to ObjectId failed for value "null" (type string) at path "_id" for model "products"  -  8:19:54 PM
[31mERROR[39m: Server error: GET /api/products/null - Cast to ObjectId failed for value "null" (type string) at path "_id" for model "products"
[35mFATAL[39m: POST /api/auth/register  -  Credentials are already in use.  -  8:19:55 PM
[31mERROR[39m: Server error: POST /api/auth/register - Credentials are already in use.
[35mFATAL[39m: POST /api/auth/login  -  Invalid credentials.  -  8:19:55 PM
[31mERROR[39m: Server error: POST /api/auth/login - Invalid credentials.
[35mFATAL[39m: GET /api/carts/null  -  Cast to ObjectId failed for value "null" (type string) at path "_id" for model "carts"  -  8:23:07 PM
[31mERROR[39m: Server error: GET /api/carts/null - Cast to ObjectId failed for value "null" (type string) at path "_id" for model "carts"
[35mFATAL[39m: GET /api/products/null  -  Cast to ObjectId failed for value "null" (type string) at path "_id" for model "products"  -  8:23:08 PM
[31mERROR[39m: Server error: GET /api/products/null - Cast to ObjectId failed for value "null" (type string) at path "_id" for model "products"
[35mFATAL[39m: POST /api/auth/register  -  Credentials are already in use.  -  8:23:09 PM
[31mERROR[39m: Server error: POST /api/auth/register - Credentials are already in use.
[35mFATAL[39m: POST /api/auth/login  -  Invalid credentials.  -  8:23:10 PM
[31mERROR[39m: Server error: POST /api/auth/login - Invalid credentials.
[35mFATAL[39m: GET /api/carts/654fd9066be6d3b4e19cb7c4  -  Cannot read properties of null (reading '_id')  -  8:23:34 PM
[31mERROR[39m: Server error: GET /api/carts/654fd9066be6d3b4e19cb7c4 - Cannot read properties of null (reading '_id')
[35mFATAL[39m: GET /api/carts/null  -  Cast to ObjectId failed for value "null" (type string) at path "_id" for model "carts"  -  8:28:19 PM
[31mERROR[39m: Server error: GET /api/carts/null - Cast to ObjectId failed for value "null" (type string) at path "_id" for model "carts"
[35mFATAL[39m: GET /api/products/null  -  Cast to ObjectId failed for value "null" (type string) at path "_id" for model "products"  -  8:28:21 PM
[31mERROR[39m: Server error: GET /api/products/null - Cast to ObjectId failed for value "null" (type string) at path "_id" for model "products"
[35mFATAL[39m: POST /api/auth/register  -  Credentials are already in use.  -  8:28:22 PM
[31mERROR[39m: Server error: POST /api/auth/register - Credentials are already in use.
[35mFATAL[39m: POST /api/auth/login  -  Invalid credentials.  -  8:28:22 PM
[31mERROR[39m: Server error: POST /api/auth/login - Invalid credentials.
[35mFATAL[39m: GET /api/carts/null  -  Cast to ObjectId failed for value "null" (type string) at path "_id" for model "carts"  -  8:30:17 PM
[31mERROR[39m: Server error: GET /api/carts/null - Cast to ObjectId failed for value "null" (type string) at path "_id" for model "carts"
[35mFATAL[39m: GET /api/products/null  -  Cast to ObjectId failed for value "null" (type string) at path "_id" for model "products"  -  8:30:19 PM
[31mERROR[39m: Server error: GET /api/products/null - Cast to ObjectId failed for value "null" (type string) at path "_id" for model "products"
[35mFATAL[39m: POST /api/auth/register  -  Credentials are already in use.  -  8:30:20 PM
[31mERROR[39m: Server error: POST /api/auth/register - Credentials are already in use.
[35mFATAL[39m: POST /api/auth/login  -  Invalid credentials.  -  8:30:21 PM
[31mERROR[39m: Server error: POST /api/auth/login - Invalid credentials.
[35mFATAL[39m: GET /api/products/null  -  Cast to ObjectId failed for value "null" (type string) at path "_id" for model "products"  -  8:32:40 PM
[31mERROR[39m: Server error: GET /api/products/null - Cast to ObjectId failed for value "null" (type string) at path "_id" for model "products"
[35mFATAL[39m: POST /api/auth/register  -  Credentials are already in use.  -  8:32:41 PM
[31mERROR[39m: Server error: POST /api/auth/register - Credentials are already in use.
[35mFATAL[39m: POST /api/auth/login  -  Invalid credentials.  -  8:32:41 PM
[31mERROR[39m: Server error: POST /api/auth/login - Invalid credentials.
[35mFATAL[39m: GET /api/products/null  -  Cast to ObjectId failed for value "null" (type string) at path "_id" for model "products"  -  8:36:53 PM
[31mERROR[39m: Server error: GET /api/products/null - Cast to ObjectId failed for value "null" (type string) at path "_id" for model "products"
[35mFATAL[39m: POST /api/auth/register  -  Credentials are already in use.  -  8:36:54 PM
[31mERROR[39m: Server error: POST /api/auth/register - Credentials are already in use.
[35mFATAL[39m: POST /api/auth/login  -  Invalid credentials.  -  8:36:54 PM
[31mERROR[39m: Server error: POST /api/auth/login - Invalid credentials.
[35mFATAL[39m: GET /api/carts/undefined  -  Cast to ObjectId failed for value "undefined" (type string) at path "_id" for model "carts"  -  8:37:25 PM
[31mERROR[39m: Server error: GET /api/carts/undefined - Cast to ObjectId failed for value "undefined" (type string) at path "_id" for model "carts"
[35mFATAL[39m: GET /api/products/null  -  Cast to ObjectId failed for value "null" (type string) at path "_id" for model "products"  -  8:37:27 PM
[31mERROR[39m: Server error: GET /api/products/null - Cast to ObjectId failed for value "null" (type string) at path "_id" for model "products"
[35mFATAL[39m: POST /api/auth/register  -  Credentials are already in use.  -  8:37:28 PM
[31mERROR[39m: Server error: POST /api/auth/register - Credentials are already in use.
[35mFATAL[39m: POST /api/auth/login  -  Invalid credentials.  -  8:37:29 PM
[31mERROR[39m: Server error: POST /api/auth/login - Invalid credentials.
[35mFATAL[39m: GET /api/carts/undefined  -  Cast to ObjectId failed for value "undefined" (type string) at path "_id" for model "carts"  -  8:38:05 PM
[31mERROR[39m: Server error: GET /api/carts/undefined - Cast to ObjectId failed for value "undefined" (type string) at path "_id" for model "carts"
[35mFATAL[39m: GET /api/products/null  -  Cast to ObjectId failed for value "null" (type string) at path "_id" for model "products"  -  8:38:06 PM
[31mERROR[39m: Server error: GET /api/products/null - Cast to ObjectId failed for value "null" (type string) at path "_id" for model "products"
[35mFATAL[39m: POST /api/auth/register  -  Credentials are already in use.  -  8:38:07 PM
[31mERROR[39m: Server error: POST /api/auth/register - Credentials are already in use.
[35mFATAL[39m: POST /api/auth/login  -  Invalid credentials.  -  8:38:08 PM
[31mERROR[39m: Server error: POST /api/auth/login - Invalid credentials.
[35mFATAL[39m: GET /api/carts/undefined  -  Cast to ObjectId failed for value "undefined" (type string) at path "_id" for model "carts"  -  8:43:03 PM
[31mERROR[39m: Server error: GET /api/carts/undefined - Cast to ObjectId failed for value "undefined" (type string) at path "_id" for model "carts"
[35mFATAL[39m: GET /api/products/null  -  Cast to ObjectId failed for value "null" (type string) at path "_id" for model "products"  -  8:43:05 PM
[31mERROR[39m: Server error: GET /api/products/null - Cast to ObjectId failed for value "null" (type string) at path "_id" for model "products"
[35mFATAL[39m: POST /api/auth/register  -  Credentials are already in use.  -  8:43:07 PM
[31mERROR[39m: Server error: POST /api/auth/register - Credentials are already in use.
[35mFATAL[39m: POST /api/auth/login  -  Invalid credentials.  -  8:43:07 PM
[31mERROR[39m: Server error: POST /api/auth/login - Invalid credentials.
[35mFATAL[39m: GET /api/auth/github  -  Cast to ObjectId failed for value "github" (type string) at path "_id" for model "users"  -  8:58:24 PM
[31mERROR[39m: Server error: GET /api/auth/github - Cast to ObjectId failed for value "github" (type string) at path "_id" for model "users"
[35mFATAL[39m: POST /user/login  -  Invalid credentials.  -  8:59:15 PM
[31mERROR[39m: Server error: POST /user/login - Invalid credentials.
[35mFATAL[39m: POST /user/login  -  Invalid credentials.  -  8:59:28 PM
[31mERROR[39m: Server error: POST /user/login - Invalid credentials.
[35mFATAL[39m: POST /user/login  -  Invalid credentials.  -  8:59:34 PM
[31mERROR[39m: Server error: POST /user/login - Invalid credentials.
[35mFATAL[39m: POST /user/login  -  Invalid credentials.  -  8:59:38 PM
[31mERROR[39m: Server error: POST /user/login - Invalid credentials.
[35mFATAL[39m: POST /user/login  -  Invalid credentials.  -  8:59:46 PM
[31mERROR[39m: Server error: POST /user/login - Invalid credentials.
[35mFATAL[39m: GET /api/auth/callback?code=746cb4e4896574faa32d  -  Cast to ObjectId failed for value "callback" (type string) at path "_id" for model "users"  -  9:10:53 PM
[31mERROR[39m: Server error: GET /api/auth/callback?code=746cb4e4896574faa32d - Cast to ObjectId failed for value "callback" (type string) at path "_id" for model "users"
[35mFATAL[39m: GET /api/auth/callback?code=ee0ff1619bb4ea6a87ce  -  Cast to ObjectId failed for value "callback" (type string) at path "_id" for model "users"  -  9:11:19 PM
[31mERROR[39m: Server error: GET /api/auth/callback?code=ee0ff1619bb4ea6a87ce - Cast to ObjectId failed for value "callback" (type string) at path "_id" for model "users"
[35mFATAL[39m: GET /api/auth/callback?code=ee0ff1619bb4ea6a87ce  -  Cast to ObjectId failed for value "callback" (type string) at path "_id" for model "users"  -  9:11:25 PM
[31mERROR[39m: Server error: GET /api/auth/callback?code=ee0ff1619bb4ea6a87ce - Cast to ObjectId failed for value "callback" (type string) at path "_id" for model "users"
[35mFATAL[39m: GET /api/auth/callback?code=746cb4e4896574faa32d  -  Cast to ObjectId failed for value "callback" (type string) at path "_id" for model "users"  -  9:11:30 PM
[31mERROR[39m: Server error: GET /api/auth/callback?code=746cb4e4896574faa32d - Cast to ObjectId failed for value "callback" (type string) at path "_id" for model "users"
[35mFATAL[39m: GET /api/auth/github  -  Cast to ObjectId failed for value "github" (type string) at path "_id" for model "users"  -  9:11:52 PM
[31mERROR[39m: Server error: GET /api/auth/github - Cast to ObjectId failed for value "github" (type string) at path "_id" for model "users"
[35mFATAL[39m: GET /api/auth/github  -  Cast to ObjectId failed for value "github" (type string) at path "_id" for model "users"  -  9:12:30 PM
[31mERROR[39m: Server error: GET /api/auth/github - Cast to ObjectId failed for value "github" (type string) at path "_id" for model "users"
[35mFATAL[39m: GET /api/auth/github  -  Cast to ObjectId failed for value "github" (type string) at path "_id" for model "users"  -  9:12:32 PM
[31mERROR[39m: Server error: GET /api/auth/github - Cast to ObjectId failed for value "github" (type string) at path "_id" for model "users"
[35mFATAL[39m: GET /api/auth/callbakc  -  Cast to ObjectId failed for value "callbakc" (type string) at path "_id" for model "users"  -  9:12:41 PM
[31mERROR[39m: Server error: GET /api/auth/callbakc - Cast to ObjectId failed for value "callbakc" (type string) at path "_id" for model "users"
[35mFATAL[39m: GET /api/auth/callback  -  Cast to ObjectId failed for value "callback" (type string) at path "_id" for model "users"  -  9:12:46 PM
[31mERROR[39m: Server error: GET /api/auth/callback - Cast to ObjectId failed for value "callback" (type string) at path "_id" for model "users"
[35mFATAL[39m: GET /api/auth/github  -  Cast to ObjectId failed for value "github" (type string) at path "_id" for model "users"  -  9:13:07 PM
[31mERROR[39m: Server error: GET /api/auth/github - Cast to ObjectId failed for value "github" (type string) at path "_id" for model "users"
[35mFATAL[39m: GET /api/auth/github  -  Cast to ObjectId failed for value "github" (type string) at path "_id" for model "users"  -  9:14:21 PM
[31mERROR[39m: Server error: GET /api/auth/github - Cast to ObjectId failed for value "github" (type string) at path "_id" for model "users"
[35mFATAL[39m: GET /api/auth/github  -  Cast to ObjectId failed for value "github" (type string) at path "_id" for model "users"  -  9:18:41 PM
[31mERROR[39m: Server error: GET /api/auth/github - Cast to ObjectId failed for value "github" (type string) at path "_id" for model "users"
[35mFATAL[39m: GET /products  -  product.toJSON is not a function  -  9:30:29 PM
[31mERROR[39m: Server error: GET /products - product.toJSON is not a function
[35mFATAL[39m: GET /products  -  product.toObject is not a function  -  9:31:02 PM
[31mERROR[39m: Server error: GET /products - product.toObject is not a function
[35mFATAL[39m: GET /products  -  product.toStringify is not a function  -  9:31:25 PM
[31mERROR[39m: Server error: GET /products - product.toStringify is not a function
[35mFATAL[39m: GET /index/swagger  -  Parse error on line 1:
{{http://localhost:9000/api/
--------^
Expecting 'ID', got 'SEP'  -  11:28:30 PM
[31mERROR[39m: Server error: GET /index/swagger - Parse error on line 1:
{{http://localhost:9000/api/
--------^
Expecting 'ID', got 'SEP'
[35mFATAL[39m: GET /index/swagger  -  Parse error on line 1:
{{http://localhost:9000/api/
--------^
Expecting 'ID', got 'SEP'  -  11:28:39 PM
[31mERROR[39m: Server error: GET /index/swagger - Parse error on line 1:
{{http://localhost:9000/api/
--------^
Expecting 'ID', got 'SEP'
[35mFATAL[39m: GET /index/swagger  -  Parse error on line 1:
{{http://localhost:9000/api/
--------^
Expecting 'ID', got 'SEP'  -  11:28:59 PM
[31mERROR[39m: Server error: GET /index/swagger - Parse error on line 1:
{{http://localhost:9000/api/
--------^
Expecting 'ID', got 'SEP'
[35mFATAL[39m: GET /index/swagger  -  Parse error on line 1:
{{http://localhost:9000/api/
--------^
Expecting 'ID', got 'SEP'  -  11:29:20 PM
[31mERROR[39m: Server error: GET /index/swagger - Parse error on line 1:
{{http://localhost:9000/api/
--------^
Expecting 'ID', got 'SEP'
[35mFATAL[39m: GET /api/auth/login  -  Cast to ObjectId failed for value "login" (type string) at path "_id" for model "users"  -  11:16:45 AM
[31mERROR[39m: Server error: GET /api/auth/login - Cast to ObjectId failed for value "login" (type string) at path "_id" for model "users"
[35mFATAL[39m: GET /api/carts/my-cart  -  Cast to ObjectId failed for value "my-cart" (type string) at path "_id" for model "carts"  -  11:19:03 AM
[31mERROR[39m: Server error: GET /api/carts/my-cart - Cast to ObjectId failed for value "my-cart" (type string) at path "_id" for model "carts"
[35mFATAL[39m: GET /api/auth/my-cart  -  Cast to ObjectId failed for value "my-cart" (type string) at path "_id" for model "users"  -  11:20:00 AM
[31mERROR[39m: Server error: GET /api/auth/my-cart - Cast to ObjectId failed for value "my-cart" (type string) at path "_id" for model "users"
[35mFATAL[39m: GET /api/auth/my-cart  -  Cast to ObjectId failed for value "my-cart" (type string) at path "_id" for model "users"  -  11:20:01 AM
[31mERROR[39m: Server error: GET /api/auth/my-cart - Cast to ObjectId failed for value "my-cart" (type string) at path "_id" for model "users"
[35mFATAL[39m: GET /api/auth/mycart  -  Cast to ObjectId failed for value "mycart" (type string) at path "_id" for model "users"  -  11:20:15 AM
[31mERROR[39m: Server error: GET /api/auth/mycart - Cast to ObjectId failed for value "mycart" (type string) at path "_id" for model "users"
[35mFATAL[39m: GET /api/auth/mycart  -  Cast to ObjectId failed for value "mycart" (type string) at path "_id" for model "users"  -  11:21:51 AM
[31mERROR[39m: Server error: GET /api/auth/mycart - Cast to ObjectId failed for value "mycart" (type string) at path "_id" for model "users"
[35mFATAL[39m: POST /api/products  -  Incomplete values.  -  11:22:24 AM
[31mERROR[39m: Server error: POST /api/products - Incomplete values.
[35mFATAL[39m: POST /api/carts/my-cart/product/64dc35e9b1a6f4bbfbf63db4  -  Cast to ObjectId failed for value "my-cart" (type string) at path "_id" for model "carts"  -  11:23:26 AM
[31mERROR[39m: Server error: POST /api/carts/my-cart/product/64dc35e9b1a6f4bbfbf63db4 - Cast to ObjectId failed for value "my-cart" (type string) at path "_id" for model "carts"
[35mFATAL[39m: POST /api/carts/my-cart/product/64dc35e9b1a6f4bbfbf63db4  -  Cast to ObjectId failed for value "my-cart" (type string) at path "_id" for model "carts"  -  11:23:50 AM
[31mERROR[39m: Server error: POST /api/carts/my-cart/product/64dc35e9b1a6f4bbfbf63db4 - Cast to ObjectId failed for value "my-cart" (type string) at path "_id" for model "carts"
[35mFATAL[39m: POST /api/carts/my-cart/product/64dc35e9b1a6f4bbfbf63db4  -  Cast to ObjectId failed for value "my-cart" (type string) at path "_id" for model "carts"  -  11:25:57 AM
[31mERROR[39m: Server error: POST /api/carts/my-cart/product/64dc35e9b1a6f4bbfbf63db4 - Cast to ObjectId failed for value "my-cart" (type string) at path "_id" for model "carts"
[35mFATAL[39m: POST /api/carts/my-cart/product/64dc35e9b1a6f4bbfbf63db4  -  Cast to ObjectId failed for value "my-cart" (type string) at path "_id" for model "carts"  -  11:26:24 AM
[31mERROR[39m: Server error: POST /api/carts/my-cart/product/64dc35e9b1a6f4bbfbf63db4 - Cast to ObjectId failed for value "my-cart" (type string) at path "_id" for model "carts"
[35mFATAL[39m: POST /api/carts/mycart/product/64dc35e9b1a6f4bbfbf63db4  -  Cast to ObjectId failed for value "mycart" (type string) at path "_id" for model "carts"  -  11:27:42 AM
[31mERROR[39m: Server error: POST /api/carts/mycart/product/64dc35e9b1a6f4bbfbf63db4 - Cast to ObjectId failed for value "mycart" (type string) at path "_id" for model "carts"
[35mFATAL[39m: POST /api/carts/mycart/product/64dc35e9b1a6f4bbfbf63db4  -  Cast to ObjectId failed for value "mycart" (type string) at path "_id" for model "carts"  -  11:28:41 AM
[31mERROR[39m: Server error: POST /api/carts/mycart/product/64dc35e9b1a6f4bbfbf63db4 - Cast to ObjectId failed for value "mycart" (type string) at path "_id" for model "carts"
[35mFATAL[39m: POST /api/carts/mycart/product/64dc35e9b1a6f4bbfbf63db4  -  Cast to ObjectId failed for value "mycart" (type string) at path "_id" for model "carts"  -  11:29:37 AM
[31mERROR[39m: Server error: POST /api/carts/mycart/product/64dc35e9b1a6f4bbfbf63db4 - Cast to ObjectId failed for value "mycart" (type string) at path "_id" for model "carts"
[35mFATAL[39m: POST /api/carts/mycart/product/64dc35e9b1a6f4bbfbf63db4  -  Cast to ObjectId failed for value "mycart" (type string) at path "_id" for model "carts"  -  11:30:45 AM
[31mERROR[39m: Server error: POST /api/carts/mycart/product/64dc35e9b1a6f4bbfbf63db4 - Cast to ObjectId failed for value "mycart" (type string) at path "_id" for model "carts"
[35mFATAL[39m: POST /api/carts/mycart/product/64dc35e9b1a6f4bbfbf63db4  -  Cast to ObjectId failed for value "mycart" (type string) at path "_id" for model "carts"  -  11:31:28 AM
[31mERROR[39m: Server error: POST /api/carts/mycart/product/64dc35e9b1a6f4bbfbf63db4 - Cast to ObjectId failed for value "mycart" (type string) at path "_id" for model "carts"
[35mFATAL[39m: POST /api/carts/mycart/product/64dc35e9b1a6f4bbfbf63db4  -  Cast to ObjectId failed for value "mycart" (type string) at path "_id" for model "carts"  -  11:31:53 AM
[31mERROR[39m: Server error: POST /api/carts/mycart/product/64dc35e9b1a6f4bbfbf63db4 - Cast to ObjectId failed for value "mycart" (type string) at path "_id" for model "carts"
[35mFATAL[39m: POST /api/carts/mycart/product/64dc35e9b1a6f4bbfbf63db4  -  Cast to ObjectId failed for value "mycart" (type string) at path "_id" for model "carts"  -  11:32:33 AM
[31mERROR[39m: Server error: POST /api/carts/mycart/product/64dc35e9b1a6f4bbfbf63db4 - Cast to ObjectId failed for value "mycart" (type string) at path "_id" for model "carts"
[35mFATAL[39m: POST /api/carts/mycart/product/64dc35e9b1a6f4bbfbf63db4  -  log is not defined  -  11:33:26 AM
[31mERROR[39m: Server error: POST /api/carts/mycart/product/64dc35e9b1a6f4bbfbf63db4 - log is not defined
[35mFATAL[39m: POST /api/carts/mycart/product/64dc35e9b1a6f4bbfbf63db4  -  Invalid item.  -  11:33:58 AM
[31mERROR[39m: Server error: POST /api/carts/mycart/product/64dc35e9b1a6f4bbfbf63db4 - Invalid item.
[35mFATAL[39m: POST /api/carts/mycart/product/64dc35e9b1a6f4bbfbf63db4  -  Invalid item.  -  11:35:04 AM
[31mERROR[39m: Server error: POST /api/carts/mycart/product/64dc35e9b1a6f4bbfbf63db4 - Invalid item.
[35mFATAL[39m: POST /api/carts/mycart/product/64dc35e9b1a6f4bbfbf63db4  -  ProductsServices.GetProductById is not a function  -  11:37:26 AM
[31mERROR[39m: Server error: POST /api/carts/mycart/product/64dc35e9b1a6f4bbfbf63db4 - ProductsServices.GetProductById is not a function
[35mFATAL[39m: POST /api/carts/mycart/product/64dc35e9b1a6f4bbfbf63db4  -  Cannot set headers after they are sent to the client  -  11:38:24 AM
[31mERROR[39m: Server error: POST /api/carts/mycart/product/64dc35e9b1a6f4bbfbf63db4 - Cannot set headers after they are sent to the client
[35mFATAL[39m: POST /api/carts/mycart/product/64dc35e9b1a6f4bbfbf63db4  -  Cannot set headers after they are sent to the client  -  11:39:09 AM
[31mERROR[39m: Server error: POST /api/carts/mycart/product/64dc35e9b1a6f4bbfbf63db4 - Cannot set headers after they are sent to the client
[35mFATAL[39m: GET /api/carts/mycart  -  Cast to ObjectId failed for value "mycart" (type string) at path "_id" for model "carts"  -  11:40:53 AM
[31mERROR[39m: Server error: GET /api/carts/mycart - Cast to ObjectId failed for value "mycart" (type string) at path "_id" for model "carts"
[35mFATAL[39m: GET /api/carts/mycart  -  Cast to ObjectId failed for value "mycart" (type string) at path "_id" for model "carts"  -  11:41:21 AM
[31mERROR[39m: Server error: GET /api/carts/mycart - Cast to ObjectId failed for value "mycart" (type string) at path "_id" for model "carts"
[35mFATAL[39m: POST /api/carts/mycart/product/64dc35e9b1a6f4bbfbf63db4  -  Cannot set headers after they are sent to the client  -  11:41:43 AM
[31mERROR[39m: Server error: POST /api/carts/mycart/product/64dc35e9b1a6f4bbfbf63db4 - Cannot set headers after they are sent to the client
[35mFATAL[39m: POST /api/carts/purchase-cart  -  No hay stock disponible  -  11:47:00 AM
[31mERROR[39m: Server error: POST /api/carts/purchase-cart - No hay stock disponible
